<?xml version="1.0" encoding="UTF-8"?>
<testng-results ignored="0" total="1" passed="1" failed="0" skipped="0">
  <reporter-output>
    <line>
      <![CDATA[Stock-000001669    Stock-000001669]]>
    </line>
    <line>
      <![CDATA[Supplier-00000003508    Supplier-00000003508]]>
    </line>
    <line>
      <![CDATA[Customer-00000006549    Customer-00000006549]]>
    </line>
  </reporter-output>
  <suite started-at="2024-05-31T12:13:44 IST" name="Surefire suite" finished-at="2024-05-31T12:14:51 IST" duration-ms="67241">
    <groups>
    </groups>
    <test started-at="2024-05-31T12:13:44 IST" name="Surefire test" finished-at="2024-05-31T12:14:51 IST" duration-ms="67241">
      <class name="driverFactory.AppTest">
        <test-method signature="kickStart()[pri:0, instance:driverFactory.AppTest@7b227d8d]" started-at="2024-05-31T12:13:44 IST" name="kickStart" finished-at="2024-05-31T12:14:51 IST" duration-ms="67198" status="PASS">
          <reporter-output>
            <line>
              <![CDATA[Stock-000001669    Stock-000001669]]>
            </line>
            <line>
              <![CDATA[Supplier-00000003508    Supplier-00000003508]]>
            </line>
            <line>
              <![CDATA[Customer-00000006549    Customer-00000006549]]>
            </line>
          </reporter-output>
        </test-method> <!-- kickStart -->
      </class> <!-- driverFactory.AppTest -->
    </test> <!-- Surefire test -->
  </suite> <!-- Surefire suite -->
</testng-results>
