<?xml version="1.0" encoding="UTF-8"?>
<testng-results ignored="0" total="1" passed="1" failed="0" skipped="0">
  <reporter-output>
  </reporter-output>
  <suite started-at="2024-05-29T16:20:14 IST" name="Default suite" finished-at="2024-05-29T16:20:23 IST" duration-ms="9743">
    <groups>
    </groups>
    <test started-at="2024-05-29T16:20:14 IST" name="Default test" finished-at="2024-05-29T16:20:23 IST" duration-ms="9743">
      <class name="driverFactory.DriverScript">
        <test-method signature="startTest()[pri:0, instance:driverFactory.DriverScript@333291e3]" started-at="2024-05-29T16:20:14 IST" name="startTest" finished-at="2024-05-29T16:20:23 IST" duration-ms="9713" status="PASS">
          <reporter-output>
          </reporter-output>
        </test-method> <!-- startTest -->
      </class> <!-- driverFactory.DriverScript -->
    </test> <!-- Default test -->
  </suite> <!-- Default suite -->
</testng-results>
